#
# A fatal error has been detected by the Java Runtime Environment:
#
#  EXCEPTION_ACCESS_VIOLATION (0xc0000005) at pc=0x00007ffeacd2c986, pid=5736, tid=15256
#
# JRE version: OpenJDK Runtime Environment Temurin-17.0.4.1+1 (17.0.4.1+1) (build 17.0.4.1+1)
# Java VM: OpenJDK 64-Bit Server VM Temurin-17.0.4.1+1 (17.0.4.1+1, mixed mode, tiered, compressed oops, compressed class ptrs, g1 gc, windows-amd64)
# Problematic frame:
# V  [jvm.dll+0xc986]
#
# No core dump will be written. Minidumps are not enabled by default on client versions of Windows
#
# If you would like to submit a bug report, please visit:
#   https://github.com/adoptium/adoptium-support/issues
#

---------------  S U M M A R Y ------------

Command Line: -Dfile.encoding=UTF-8 -Dstdout.encoding=UTF-8 -Dstderr.encoding=UTF-8 -XX:+ShowCodeDetailsInExceptionMessages com.mac2work.orders.OrdersApplication

Host: Intel(R) Core(TM) i5-2520M CPU @ 2.50GHz, 4 cores, 7G,  Windows 10 , 64 bit Build 19041 (10.0.19041.3636)
Time: Wed Nov 22 17:31:17 2023  Windows 10 , 64 bit Build 19041 (10.0.19041.3636) elapsed time: 67.560951 seconds (0d 0h 1m 7s)

---------------  T H R E A D  ---------------

Current thread (0x000001abe1b35b60):  GCTaskThread "GC Thread#2" [stack: 0x0000004a4e600000,0x0000004a4e700000] [id=15256]

Stack: [0x0000004a4e600000,0x0000004a4e700000],  sp=0x0000004a4e6ff3b8,  free space=1020k
Native frames: (J=compiled Java code, j=interpreted, Vv=VM code, C=native code)
V  [jvm.dll+0xc986]


siginfo: EXCEPTION_ACCESS_VIOLATION (0xc0000005), reading address 0x000000041d8bd488


Register to memory mapping:

RIP=0x00007ffeacd2c986 jvm.dll
RAX=0x0000000000000002 is an unknown value
RBX=0x0000000000000001 is an unknown value
RCX=0x0000000083b17a70 is pointing into object: java.lang.invoke.MemberName 
{0x0000000083b17a60} - klass: 'java/lang/invoke/MemberName'
 - ---- fields (total size 6 words):
 - private 'flags' 'I' @12  134348802 (8020002)
 - private 'clazz' 'Ljava/lang/Class;' @24  a 'java/lang/Class'{0x0000000083b17a90} = 'org/springframework/orm/jpa/support/PersistenceAnnotationBeanPostProcessor$$Lambda$603+0x000000010050a428' (83b17a90)
 - private 'name' 'Ljava/lang/String;' @28  "<init>"{0x000000008234dbb8} (8234dbb8)
 - private 'type' 'Ljava/lang/Object;' @32  a 'java/lang/invoke/MethodType'{0x0000000083b17b98} = (Lorg/springframework/orm/jpa/support/PersistenceAnnotationBeanPostProcessor;Ljava/util/List;)V (83b17b98)
 - private 'method' 'Ljava/lang/invoke/ResolvedMethodName;' @36  a 'java/lang/invoke/ResolvedMethodName'{0x0000000083b17c48} (83b17c48)
 - 'resolution' 'Ljava/lang/Object;' @40  NULL (0)
RDX=0x0000000083b17a70 is pointing into object: java.lang.invoke.MemberName 
{0x0000000083b17a60} - klass: 'java/lang/invoke/MemberName'
 - ---- fields (total size 6 words):
 - private 'flags' 'I' @12  134348802 (8020002)
 - private 'clazz' 'Ljava/lang/Class;' @24  a 'java/lang/Class'{0x0000000083b17a90} = 'org/springframework/orm/jpa/support/PersistenceAnnotationBeanPostProcessor$$Lambda$603+0x000000010050a428' (83b17a90)
 - private 'name' 'Ljava/lang/String;' @28  "<init>"{0x000000008234dbb8} (8234dbb8)
 - private 'type' 'Ljava/lang/Object;' @32  a 'java/lang/invoke/MethodType'{0x0000000083b17b98} = (Lorg/springframework/orm/jpa/support/PersistenceAnnotationBeanPostProcessor;Ljava/util/List;)V (83b17b98)
 - private 'method' 'Ljava/lang/invoke/ResolvedMethodName;' @36  a 'java/lang/invoke/ResolvedMethodName'{0x0000000083b17c48} (83b17c48)
 - 'resolution' 'Ljava/lang/Object;' @40  NULL (0)
RSP=0x0000004a4e6ff3b8 points into unknown readable memory: 0x00007ffead02624f | 4f 62 02 ad fe 7f 00 00
RBP=0x0000004a4e6ff438 points into unknown readable memory: 0x000001abe465c730 | 30 c7 65 e4 ab 01 00 00
RSI=0x000001abe455b880 points into unknown readable memory: 0x00007ffead677368 | 68 73 67 ad fe 7f 00 00
RDI=0x000001abe44551d0 points into unknown readable memory: 0x0000000083b17a70 | 70 7a b1 83 00 00 00 00
R8 =0x0000000083b17a70 is pointing into object: java.lang.invoke.MemberName 
{0x0000000083b17a60} - klass: 'java/lang/invoke/MemberName'
 - ---- fields (total size 6 words):
 - private 'flags' 'I' @12  134348802 (8020002)
 - private 'clazz' 'Ljava/lang/Class;' @24  a 'java/lang/Class'{0x0000000083b17a90} = 'org/springframework/orm/jpa/support/PersistenceAnnotationBeanPostProcessor$$Lambda$603+0x000000010050a428' (83b17a90)
 - private 'name' 'Ljava/lang/String;' @28  "<init>"{0x000000008234dbb8} (8234dbb8)
 - private 'type' 'Ljava/lang/Object;' @32  a 'java/lang/invoke/MethodType'{0x0000000083b17b98} = (Lorg/springframework/orm/jpa/support/PersistenceAnnotationBeanPostProcessor;Ljava/util/List;)V (83b17b98)
 - private 'method' 'Ljava/lang/invoke/ResolvedMethodName;' @36  a 'java/lang/invoke/ResolvedMethodName'{0x0000000083b17c48} (83b17c48)
 - 'resolution' 'Ljava/lang/Object;' @40  NULL (0)
R9 =0x000000041d8bd480 is an unknown value
R10=0x0000000083b17a70 is pointing into object: java.lang.invoke.MemberName 
{0x0000000083b17a60} - klass: 'java/lang/invoke/MemberName'
 - ---- fields (total size 6 words):
 - private 'flags' 'I' @12  134348802 (8020002)
 - private 'clazz' 'Ljava/lang/Class;' @24  a 'java/lang/Class'{0x0000000083b17a90} = 'org/springframework/orm/jpa/support/PersistenceAnnotationBeanPostProcessor$$Lambda$603+0x000000010050a428' (83b17a90)
 - private 'name' 'Ljava/lang/String;' @28  "<init>"{0x000000008234dbb8} (8234dbb8)
 - private 'type' 'Ljava/lang/Object;' @32  a 'java/lang/invoke/MethodType'{0x0000000083b17b98} = (Lorg/springframework/orm/jpa/support/PersistenceAnnotationBeanPostProcessor;Ljava/util/List;)V (83b17b98)
 - private 'method' 'Ljava/lang/invoke/ResolvedMethodName;' @36  a 'java/lang/invoke/ResolvedMethodName'{0x0000000083b17c48} (83b17c48)
 - 'resolution' 'Ljava/lang/Object;' @40  NULL (0)
R11=0x0000000083feafc0 is an oop: java.lang.Class 
{0x0000000083feafc0} - klass: 'java/lang/Class'
 - ---- fields (total size 14 words):
 - private volatile transient 'classRedefinedCount' 'I' @12  0
 - private volatile transient 'cachedConstructor' 'Ljava/lang/reflect/Constructor;' @40  NULL (0)
 - private transient 'name' 'Ljava/lang/String;' @44  "org.springframework.data.repository.core.RepositoryInformation"{0x0000000083c76bf0} (83c76bf0)
 - private transient 'module' 'Ljava/lang/Module;' @48  a 'java/lang/Module'{0x000000008241b790} (8241b790)
 - private final 'classLoader' 'Ljava/lang/ClassLoader;' @52  a 'jdk/internal/loader/ClassLoaders$AppClassLoader'{0x000000008241b718} (8241b718)
 - private transient 'classData' 'Ljava/lang/Object;' @56  NULL (0)
 - private transient 'packageName' 'Ljava/lang/String;' @60  "org.springframework.data.repository.core"{0x0000000083082a00} (83082a00)
 - private final 'componentType' 'Ljava/lang/Class;' @64  [I{0x0000000083c5a638} (83c5a638)
 - private volatile transient 'reflectionData' 'Ljava/lang/ref/SoftReference;' @68  NULL (0)
 - private volatile transient 'genericInfo' 'Lsun/reflect/generics/repository/ClassRepository;' @72  NULL (0)
 - private volatile transient 'enumConstants' '[Ljava/lang/Object;' @76  NULL (0)
 - private volatile transient 'enumConstantDirectory' 'Ljava/util/Map;' @80  NULL (0)
 - private volatile transient 'annotationData' 'Ljava/lang/Class$AnnotationData;' @84  NULL (0)
 - private volatile transient 'annotationType' 'Lsun/reflect/annotation/AnnotationType;' @88  NULL (0)
 - transient 'classValueMap' 'Ljava/lang/ClassValue$ClassValueMap;' @92  NULL (0)
 - signature: Lorg/springframework/data/repository/core/RepositoryInformation;
 - fake entry for mirror: 'org/springframework/data/repository/core/RepositoryInformation'
 - fake entry for array: NULL
 - fake entry for oop_size: 14
 - fake entry for static_oop_field_count: 0
R12=0x000001abe1703898 points into unknown readable memory: 0x880003006c0097a6 | a6 97 00 6c 00 03 00 88
R13=0x0000000083b17a70 is pointing into object: java.lang.invoke.MemberName 
{0x0000000083b17a60} - klass: 'java/lang/invoke/MemberName'
 - ---- fields (total size 6 words):
 - private 'flags' 'I' @12  134348802 (8020002)
 - private 'clazz' 'Ljava/lang/Class;' @24  a 'java/lang/Class'{0x0000000083b17a90} = 'org/springframework/orm/jpa/support/PersistenceAnnotationBeanPostProcessor$$Lambda$603+0x000000010050a428' (83b17a90)
 - private 'name' 'Ljava/lang/String;' @28  "<init>"{0x000000008234dbb8} (8234dbb8)
 - private 'type' 'Ljava/lang/Object;' @32  a 'java/lang/invoke/MethodType'{0x0000000083b17b98} = (Lorg/springframework/orm/jpa/support/PersistenceAnnotationBeanPostProcessor;Ljava/util/List;)V (83b17b98)
 - private 'method' 'Ljava/lang/invoke/ResolvedMethodName;' @36  a 'java/lang/invoke/ResolvedMethodName'{0x0000000083b17c48} (83b17c48)
 - 'resolution' 'Ljava/lang/Object;' @40  NULL (0)
R14=0x000000041d8bd480 is an unknown value
R15=0x000001abe465c730 points into unknown readable memory: 0x00007ffead678e10 | 10 8e 67 ad fe 7f 00 00


Registers:
RAX=0x0000000000000002, RBX=0x0000000000000001, RCX=0x0000000083b17a70, RDX=0x0000000083b17a70
RSP=0x0000004a4e6ff3b8, RBP=0x0000004a4e6ff438, RSI=0x000001abe455b880, RDI=0x000001abe44551d0
R8 =0x0000000083b17a70, R9 =0x000000041d8bd480, R10=0x0000000083b17a70, R11=0x0000000083feafc0
R12=0x000001abe1703898, R13=0x0000000083b17a70, R14=0x000000041d8bd480, R15=0x000001abe465c730
RIP=0x00007ffeacd2c986, EFLAGS=0x0000000000010202

Top of Stack: (sp=0x0000004a4e6ff3b8)
0x0000004a4e6ff3b8:   00007ffead02624f 0000000000000000
0x0000004a4e6ff3c8:   0000004a4e6ff438 000001abe455b880
0x0000004a4e6ff3d8:   0000000000000001 0000000000000008
0x0000004a4e6ff3e8:   000001abe1b34f90 000001abe455b880
0x0000004a4e6ff3f8:   00007ffead510001 000003dd00000000
0x0000004a4e6ff408:   0000000000000009 0000000000000010
0x0000004a4e6ff418:   0000000000000020 000001abe455b880
0x0000004a4e6ff428:   00007ffead024088 000000000000001e
0x0000004a4e6ff438:   000001abe465c730 000001abe465c768
0x0000004a4e6ff448:   00000000000003d8 000001abe1703898
0x0000004a4e6ff458:   000001abe44551d0 000001abe4455100
0x0000004a4e6ff468:   000001abe465c768 0000000000000020
0x0000004a4e6ff478:   00007ffead036c85 0000000000000000
0x0000004a4e6ff488:   00007ffead500001 000001abe1b30001
0x0000004a4e6ff498:   fffffffffffffffe 000001abe44551d0
0x0000004a4e6ff4a8:   00007ffeacf153d4 000000000000001a 

Instructions: (pc=0x00007ffeacd2c986)
0x00007ffeacd2c886:   cc cc cc cc cc cc cc cc cc cc 4c 8b 01 4c 8b c9
0x00007ffeacd2c896:   48 8b 0d 63 c2 b4 00 ba 64 60 08 00 e9 c9 f1 ff
0x00007ffeacd2c8a6:   ff cc cc cc cc cc cc cc cc cc 8b 05 42 0a af 00
0x00007ffeacd2c8b6:   c3 cc cc cc cc cc cc cc cc cc 0f b6 05 98 ca b5
0x00007ffeacd2c8c6:   00 48 8b d1 84 c0 74 16 44 8b 41 08 8b 0d 20 0a
0x00007ffeacd2c8d6:   af 00 49 d3 e0 4c 03 05 0e 0a af 00 eb 04 4c 8b
0x00007ffeacd2c8e6:   41 08 45 8b 50 08 45 85 d2 7e 0e 41 f6 c2 01 75
0x00007ffeacd2c8f6:   53 41 c1 fa 03 41 8b c2 c3 79 49 84 c0 b9 10 00
0x00007ffeacd2c906:   00 00 8b 05 26 19 af 00 41 b8 0c 00 00 00 41 0f
0x00007ffeacd2c916:   45 c8 ff c8 4c 63 c8 48 63 14 11 41 8b ca 83 e1
0x00007ffeacd2c926:   3f 48 d3 e2 41 8b ca 48 c1 f9 10 0f b6 c1 49 8d
0x00007ffeacd2c936:   0c 11 49 f7 d1 48 03 c1 49 c1 e9 03 48 c1 e8 03
0x00007ffeacd2c946:   41 23 c1 c3 49 8b 00 49 8b c8 48 ff a0 00 01 00
0x00007ffeacd2c956:   00 cc cc cc cc cc cc cc cc cc 8b 44 24 30 45 03
0x00007ffeacd2c966:   c9 44 2b 4c 24 28 83 c0 0b 44 03 ca 45 03 c8 41
0x00007ffeacd2c976:   03 c1 c3 cc cc cc cc cc cc cc 4c 8b ca 48 8b d1
0x00007ffeacd2c986:   45 8b 41 08 45 85 c0 7e 0e 41 f6 c0 01 75 56 41
0x00007ffeacd2c996:   c1 f8 03 41 8b c0 c3 79 4c 80 3d b9 c9 b5 00 00
0x00007ffeacd2c9a6:   b8 0c 00 00 00 b9 10 00 00 00 0f 45 c8 8b 05 7b
0x00007ffeacd2c9b6:   18 af 00 ff c8 4c 63 c8 48 63 14 11 41 8b c8 83
0x00007ffeacd2c9c6:   e1 3f 48 d3 e2 41 8b c8 48 c1 f9 10 0f b6 c1 49
0x00007ffeacd2c9d6:   8d 0c 11 49 f7 d1 48 03 c1 49 c1 e9 03 48 c1 e8
0x00007ffeacd2c9e6:   03 41 23 c1 c3 49 8b 01 49 8b c9 48 ff a0 00 01
0x00007ffeacd2c9f6:   00 00 cc cc cc cc cc cc cc cc 48 8b 41 08 0f b7
0x00007ffeacd2ca06:   48 2a 0f b7 40 28 83 c0 48 03 c1 c3 cc cc cc cc
0x00007ffeacd2ca16:   cc cc cc cc cc cc cc cc cc cc 48 89 5c 24 08 57
0x00007ffeacd2ca26:   48 83 ec 20 0f b6 05 7f a6 b9 00 48 8b fa 48 8b
0x00007ffeacd2ca36:   d9 84 c0 74 4f 48 85 15 96 9e b9 00 74 38 48 8b
0x00007ffeacd2ca46:   ca e8 64 6f 85 00 48 8b d0 48 85 db 74 25 48 85
0x00007ffeacd2ca56:   c0 74 20 48 8b c7 f0 48 0f b1 13 74 16 48 85 05
0x00007ffeacd2ca66:   6e 9e b9 00 74 0d 48 8b c8 f0 48 0f b1 13 48 3b
0x00007ffeacd2ca76:   c1 75 ea 48 8b fa 48 8b c7 48 8b 5c 24 30 48 83 


Stack slot to memory mapping:
stack at sp + 0 slots: 0x00007ffead02624f jvm.dll
stack at sp + 1 slots: 0x0 is NULL
stack at sp + 2 slots: 0x0000004a4e6ff438 points into unknown readable memory: 0x000001abe465c730 | 30 c7 65 e4 ab 01 00 00
stack at sp + 3 slots: 0x000001abe455b880 points into unknown readable memory: 0x00007ffead677368 | 68 73 67 ad fe 7f 00 00
stack at sp + 4 slots: 0x0000000000000001 is an unknown value
stack at sp + 5 slots: 0x0000000000000008 is an unknown value
stack at sp + 6 slots: 0x000001abe1b34f90 points into unknown readable memory: 0x000001ab00000004 | 04 00 00 00 ab 01 00 00
stack at sp + 7 slots: 0x000001abe455b880 points into unknown readable memory: 0x00007ffead677368 | 68 73 67 ad fe 7f 00 00


---------------  P R O C E S S  ---------------

Threads class SMR info:
_java_thread_list=0x000001abe59edab0, length=14, elements={
0x000001abc71fd230, 0x000001abe08f83e0, 0x000001abe08b3ed0, 0x000001abe08fd550,
0x000001abe08cd500, 0x000001abe08d0c70, 0x000001abe08d2a30, 0x000001abe1440530,
0x000001abe1440e30, 0x000001abe144cf50, 0x000001abe16e7870, 0x000001abe1706c90,
0x000001abe24d6450, 0x000001abe24d6920
}

Java Threads: ( => current thread )
  0x000001abc71fd230 JavaThread "main" [_thread_blocked, id=13832, stack(0x0000004a4d000000,0x0000004a4d100000)]
  0x000001abe08f83e0 JavaThread "Reference Handler" daemon [_thread_blocked, id=15840, stack(0x0000004a4d700000,0x0000004a4d800000)]
  0x000001abe08b3ed0 JavaThread "Finalizer" daemon [_thread_blocked, id=10128, stack(0x0000004a4d800000,0x0000004a4d900000)]
  0x000001abe08fd550 JavaThread "Signal Dispatcher" daemon [_thread_blocked, id=9392, stack(0x0000004a4da00000,0x0000004a4db00000)]
  0x000001abe08cd500 JavaThread "Attach Listener" daemon [_thread_blocked, id=13368, stack(0x0000004a4db00000,0x0000004a4dc00000)]
  0x000001abe08d0c70 JavaThread "Service Thread" daemon [_thread_blocked, id=16048, stack(0x0000004a4dc00000,0x0000004a4dd00000)]
  0x000001abe08d2a30 JavaThread "Monitor Deflation Thread" daemon [_thread_blocked, id=7572, stack(0x0000004a4dd00000,0x0000004a4de00000)]
  0x000001abe1440530 JavaThread "C2 CompilerThread0" daemon [_thread_blocked, id=15792, stack(0x0000004a4de00000,0x0000004a4df00000)]
  0x000001abe1440e30 JavaThread "C1 CompilerThread0" daemon [_thread_blocked, id=3156, stack(0x0000004a4df00000,0x0000004a4e000000)]
  0x000001abe144cf50 JavaThread "Sweeper thread" daemon [_thread_blocked, id=3788, stack(0x0000004a4e000000,0x0000004a4e100000)]
  0x000001abe16e7870 JavaThread "Notification Thread" daemon [_thread_blocked, id=14232, stack(0x0000004a4e100000,0x0000004a4e200000)]
  0x000001abe1706c90 JavaThread "Common-Cleaner" daemon [_thread_blocked, id=13772, stack(0x0000004a4e300000,0x0000004a4e400000)]
  0x000001abe24d6450 JavaThread "Thread-0" [_thread_blocked, id=5952, stack(0x0000004a4e800000,0x0000004a4e900000)]
  0x000001abe24d6920 JavaThread "restartedMain" [_thread_blocked, id=15124, stack(0x0000004a4e900000,0x0000004a4ea00000)]

Other Threads:
  0x000001abe0895c40 VMThread "VM Thread" [stack: 0x0000004a4d600000,0x0000004a4d700000] [id=6980]
  0x000001abe16e7d40 WatcherThread [stack: 0x0000004a4e200000,0x0000004a4e300000] [id=7956]
  0x000001abc7256250 GCTaskThread "GC Thread#0" [stack: 0x0000004a4d100000,0x0000004a4d200000] [id=16056]
  0x000001abe2007cf0 GCTaskThread "GC Thread#1" [stack: 0x0000004a4e500000,0x0000004a4e600000] [id=9836]
=>0x000001abe1b35b60 GCTaskThread "GC Thread#2" [stack: 0x0000004a4e600000,0x0000004a4e700000] [id=15256]
  0x000001abe25e6470 GCTaskThread "GC Thread#3" [stack: 0x0000004a4e400000,0x0000004a4e500000] [id=8432]
  0x000001abc7267e20 ConcurrentGCThread "G1 Main Marker" [stack: 0x0000004a4d200000,0x0000004a4d300000] [id=10308]
  0x000001abc7269110 ConcurrentGCThread "G1 Conc#0" [stack: 0x0000004a4d300000,0x0000004a4d400000] [id=16260]
  0x000001abe07224b0 ConcurrentGCThread "G1 Refine#0" [stack: 0x0000004a4d400000,0x0000004a4d500000] [id=6668]
  0x000001abc72beca0 ConcurrentGCThread "G1 Service" [stack: 0x0000004a4d500000,0x0000004a4d600000] [id=8744]

Threads with active compile tasks:
C2 CompilerThread0    67677 5029       4       org.aspectj.apache.bcel.classfile.Attribute::readAttribute (568 bytes)

VM state: at safepoint (normal execution)

VM Mutex/Monitor currently owned by a thread:  ([mutex/lock_event])
[0x000001abc71f8150] Threads_lock - owner thread: 0x000001abe0895c40
[0x000001abc71f8270] Heap_lock - owner thread: 0x000001abe24d6920

Heap address: 0x0000000081c00000, size: 2020 MB, Compressed Oops mode: 32-bit

CDS archive(s) not mapped
Compressed class space mapped at: 0x0000000100000000-0x0000000140000000, reserved size: 1073741824
Narrow klass base: 0x0000000000000000, Narrow klass shift: 3, Narrow klass range: 0x140000000

GC Precious Log:
 CPUs: 4 total, 4 available
 Memory: 8075M
 Large Page Support: Disabled
 NUMA Support: Disabled
 Compressed Oops: Enabled (32-bit)
 Heap Region Size: 1M
 Heap Min Capacity: 8M
 Heap Initial Capacity: 128M
 Heap Max Capacity: 2020M
 Pre-touch: Disabled
 Parallel Workers: 4
 Concurrent Workers: 1
 Concurrent Refinement Workers: 4
 Periodic GC: Disabled

Heap:
 garbage-first heap   total 55296K, used 42824K [0x0000000081c00000, 0x0000000100000000)
  region size 1024K, 21 young (21504K), 3 survivors (3072K)
 Metaspace       used 45648K, committed 46016K, reserved 1089536K
  class space    used 5666K, committed 5824K, reserved 1048576K

Heap Regions: E=young(eden), S=young(survivor), O=old, HS=humongous(starts), HC=humongous(continues), CS=collection set, F=free, OA=open archive, CA=closed archive, TAMS=top-at-mark-start (previous, next)
|   0|0x0000000081c00000, 0x0000000081d00000, 0x0000000081d00000|100%|HS|  |TAMS 0x0000000081d00000, 0x0000000081c00000| Complete 
|   1|0x0000000081d00000, 0x0000000081e00000, 0x0000000081e00000|100%|HS|  |TAMS 0x0000000081e00000, 0x0000000081d00000| Complete 
|   2|0x0000000081e00000, 0x0000000081f00000, 0x0000000081f00000|100%| O|  |TAMS 0x0000000081f00000, 0x0000000081e00000| Untracked 
|   3|0x0000000081f00000, 0x0000000082000000, 0x0000000082000000|100%| O|  |TAMS 0x0000000082000000, 0x0000000081f00000| Untracked 
|   4|0x0000000082000000, 0x0000000082100000, 0x0000000082100000|100%| O|  |TAMS 0x0000000082100000, 0x0000000082000000| Untracked 
|   5|0x0000000082100000, 0x0000000082200000, 0x0000000082200000|100%| O|  |TAMS 0x0000000082200000, 0x0000000082100000| Untracked 
|   6|0x0000000082200000, 0x0000000082300000, 0x0000000082300000|100%| O|  |TAMS 0x0000000082300000, 0x0000000082200000| Untracked 
|   7|0x0000000082300000, 0x0000000082400000, 0x0000000082400000|100%| O|  |TAMS 0x0000000082400000, 0x0000000082300000| Untracked 
|   8|0x0000000082400000, 0x0000000082500000, 0x0000000082500000|100%| O|  |TAMS 0x0000000082500000, 0x0000000082400000| Untracked 
|   9|0x0000000082500000, 0x000000008251c400, 0x0000000082600000| 11%| O|  |TAMS 0x000000008251c400, 0x0000000082500000| Untracked 
|  10|0x0000000082600000, 0x0000000082700000, 0x0000000082700000|100%| O|  |TAMS 0x0000000082700000, 0x0000000082600000| Untracked 
|  11|0x0000000082700000, 0x0000000082800000, 0x0000000082800000|100%| O|  |TAMS 0x0000000082800000, 0x0000000082700000| Untracked 
|  12|0x0000000082800000, 0x0000000082900000, 0x0000000082900000|100%| O|  |TAMS 0x0000000082900000, 0x0000000082800000| Untracked 
|  13|0x0000000082900000, 0x0000000082a00000, 0x0000000082a00000|100%| O|  |TAMS 0x0000000082a00000, 0x0000000082900000| Untracked 
|  14|0x0000000082a00000, 0x0000000082b00000, 0x0000000082b00000|100%| O|  |TAMS 0x0000000082b00000, 0x0000000082a00000| Untracked 
|  15|0x0000000082b00000, 0x0000000082c00000, 0x0000000082c00000|100%| O|  |TAMS 0x0000000082c00000, 0x0000000082b00000| Untracked 
|  16|0x0000000082c00000, 0x0000000082d00000, 0x0000000082d00000|100%| O|  |TAMS 0x0000000082d00000, 0x0000000082c00000| Untracked 
|  17|0x0000000082d00000, 0x0000000082e00000, 0x0000000082e00000|100%| O|  |TAMS 0x0000000082dc5200, 0x0000000082d00000| Untracked 
|  18|0x0000000082e00000, 0x0000000082f00000, 0x0000000082f00000|100%| O|  |TAMS 0x0000000082e00000, 0x0000000082e00000| Untracked 
|  19|0x0000000082f00000, 0x0000000083000000, 0x0000000083000000|100%| O|  |TAMS 0x0000000082f00000, 0x0000000082f00000| Untracked 
|  20|0x0000000083000000, 0x0000000083100000, 0x0000000083100000|100%| O|  |TAMS 0x0000000083000000, 0x0000000083000000| Untracked 
|  21|0x0000000083100000, 0x0000000083200000, 0x0000000083200000|100%| O|  |TAMS 0x0000000083100000, 0x0000000083100000| Untracked 
|  22|0x0000000083200000, 0x00000000832e6ba8, 0x0000000083300000| 90%| O|  |TAMS 0x0000000083200000, 0x0000000083200000| Untracked 
|  23|0x0000000083300000, 0x0000000083300000, 0x0000000083400000|  0%| F|  |TAMS 0x0000000083300000, 0x0000000083300000| Untracked 
|  24|0x0000000083400000, 0x0000000083400000, 0x0000000083500000|  0%| F|  |TAMS 0x0000000083400000, 0x0000000083400000| Untracked 
|  25|0x0000000083500000, 0x0000000083500000, 0x0000000083600000|  0%| F|  |TAMS 0x0000000083500000, 0x0000000083500000| Untracked 
|  26|0x0000000083600000, 0x0000000083600000, 0x0000000083700000|  0%| F|  |TAMS 0x0000000083600000, 0x0000000083600000| Untracked 
|  27|0x0000000083700000, 0x0000000083700000, 0x0000000083800000|  0%| F|  |TAMS 0x0000000083700000, 0x0000000083700000| Untracked 
|  28|0x0000000083800000, 0x0000000083800000, 0x0000000083900000|  0%| F|  |TAMS 0x0000000083800000, 0x0000000083800000| Untracked 
|  29|0x0000000083900000, 0x0000000083900000, 0x0000000083a00000|  0%| F|  |TAMS 0x0000000083900000, 0x0000000083900000| Untracked 
|  30|0x0000000083a00000, 0x0000000083b00000, 0x0000000083b00000|100%| E|CS|TAMS 0x0000000083a00000, 0x0000000083a00000| Complete 
|  31|0x0000000083b00000, 0x0000000083c00000, 0x0000000083c00000|100%| E|CS|TAMS 0x0000000083b00000, 0x0000000083b00000| Complete 
|  32|0x0000000083c00000, 0x0000000083c88fc0, 0x0000000083d00000| 53%| S|  |TAMS 0x0000000083c00000, 0x0000000083c00000| Complete 
|  33|0x0000000083d00000, 0x0000000083e00000, 0x0000000083e00000|100%| S|  |TAMS 0x0000000083d00000, 0x0000000083d00000| Complete 
|  34|0x0000000083e00000, 0x0000000083f00000, 0x0000000083f00000|100%| E|CS|TAMS 0x0000000083e00000, 0x0000000083e00000| Complete 
|  35|0x0000000083f00000, 0x0000000084000000, 0x0000000084000000|100%| S|  |TAMS 0x0000000083f00000, 0x0000000083f00000| Complete 
|  36|0x0000000084000000, 0x0000000084100000, 0x0000000084100000|100%| E|CS|TAMS 0x0000000084000000, 0x0000000084000000| Complete 
|  37|0x0000000084100000, 0x0000000084200000, 0x0000000084200000|100%| E|CS|TAMS 0x0000000084100000, 0x0000000084100000| Complete 
|  38|0x0000000084200000, 0x0000000084300000, 0x0000000084300000|100%| E|CS|TAMS 0x0000000084200000, 0x0000000084200000| Complete 
|  39|0x0000000084300000, 0x0000000084400000, 0x0000000084400000|100%| E|CS|TAMS 0x0000000084300000, 0x0000000084300000| Complete 
|  40|0x0000000084400000, 0x0000000084500000, 0x0000000084500000|100%| E|CS|TAMS 0x0000000084400000, 0x0000000084400000| Complete 
|  41|0x0000000084500000, 0x0000000084600000, 0x0000000084600000|100%| E|CS|TAMS 0x0000000084500000, 0x0000000084500000| Complete 
|  42|0x0000000084600000, 0x0000000084700000, 0x0000000084700000|100%| E|CS|TAMS 0x0000000084600000, 0x0000000084600000| Complete 
|  43|0x0000000084700000, 0x0000000084800000, 0x0000000084800000|100%| E|CS|TAMS 0x0000000084700000, 0x0000000084700000| Complete 
|  44|0x0000000084800000, 0x0000000084900000, 0x0000000084900000|100%| E|CS|TAMS 0x0000000084800000, 0x0000000084800000| Complete 
|  45|0x0000000084900000, 0x0000000084a00000, 0x0000000084a00000|100%| E|CS|TAMS 0x0000000084900000, 0x0000000084900000| Complete 
|  46|0x0000000084a00000, 0x0000000084b00000, 0x0000000084b00000|100%| E|CS|TAMS 0x0000000084a00000, 0x0000000084a00000| Complete 
|  47|0x0000000084b00000, 0x0000000084c00000, 0x0000000084c00000|100%| E|CS|TAMS 0x0000000084b00000, 0x0000000084b00000| Complete 
|  98|0x0000000087e00000, 0x0000000087f00000, 0x0000000087f00000|100%| E|CS|TAMS 0x0000000087e00000, 0x0000000087e00000| Complete 
|  99|0x0000000087f00000, 0x0000000088000000, 0x0000000088000000|100%| E|CS|TAMS 0x0000000087f00000, 0x0000000087f00000| Complete 
| 100|0x0000000088000000, 0x0000000088100000, 0x0000000088100000|100%| E|CS|TAMS 0x0000000088000000, 0x0000000088000000| Complete 
| 101|0x0000000088100000, 0x0000000088200000, 0x0000000088200000|100%| E|CS|TAMS 0x0000000088100000, 0x0000000088100000| Complete 
| 126|0x0000000089a00000, 0x0000000089b00000, 0x0000000089b00000|100%| E|CS|TAMS 0x0000000089a00000, 0x0000000089a00000| Complete 
| 127|0x0000000089b00000, 0x0000000089c00000, 0x0000000089c00000|100%| E|CS|TAMS 0x0000000089b00000, 0x0000000089b00000| Complete 

Card table byte_map: [0x000001abd9cb0000,0x000001abda0b0000] _byte_map_base: 0x000001abd98a2000

Marking Bits (Prev, Next): (CMBitMap*) 0x000001abc7257870, (CMBitMap*) 0x000001abc72578b0
 Prev Bits: [0x000001abda4b0000, 0x000001abdc440000)
 Next Bits: [0x000001abdc440000, 0x000001abde3d0000)

Polling page: 0x000001abc4f60000

Metaspace:

Usage:
  Non-class:     39.05 MB used.
      Class:      5.53 MB used.
       Both:     44.58 MB used.

Virtual space:
  Non-class space:       40.00 MB reserved,      39.25 MB ( 98%) committed,  5 nodes.
      Class space:        1.00 GB reserved,       5.69 MB ( <1%) committed,  1 nodes.
             Both:        1.04 GB reserved,      44.94 MB (  4%) committed. 

Chunk freelists:
   Non-Class:  464.00 KB
       Class:  2.33 MB
        Both:  2.78 MB

MaxMetaspaceSize: unlimited
CompressedClassSpaceSize: 1.00 GB
Initial GC threshold: 21.00 MB
Current GC threshold: 59.00 MB
CDS: off
MetaspaceReclaimPolicy: balanced
 - commit_granule_bytes: 65536.
 - commit_granule_words: 8192.
 - virtual_space_node_default_size: 1048576.
 - enlarge_chunks_in_place: 1.
 - new_chunks_are_fully_committed: 0.
 - uncommit_free_chunks: 1.
 - use_allocation_guard: 0.
 - handle_deallocations: 1.


Internal statistics:

num_allocs_failed_limit: 6.
num_arena_births: 468.
num_arena_deaths: 0.
num_vsnodes_births: 6.
num_vsnodes_deaths: 0.
num_space_committed: 719.
num_space_uncommitted: 0.
num_chunks_returned_to_freelist: 6.
num_chunks_taken_from_freelist: 1882.
num_chunk_merges: 6.
num_chunk_splits: 1263.
num_chunks_enlarged: 948.
num_purges: 0.
num_inconsistent_stats: 0.

CodeHeap 'non-profiled nmethods': size=120000Kb used=3695Kb max_used=3695Kb free=116304Kb
 bounds [0x000001abd2380000, 0x000001abd2740000, 0x000001abd98b0000]
CodeHeap 'profiled nmethods': size=120000Kb used=9234Kb max_used=9653Kb free=110765Kb
 bounds [0x000001abcae50000, 0x000001abcb7c0000, 0x000001abd2380000]
CodeHeap 'non-nmethods': size=5760Kb used=1224Kb max_used=1299Kb free=4535Kb
 bounds [0x000001abca8b0000, 0x000001abcab20000, 0x000001abcae50000]
 total_blobs=4811 nmethods=4279 adapters=444
 compilation: enabled
              stopped_count=0, restarted_count=0
 full_count=0

Compilation events (20 events):
Event: 66.867 Thread 0x000001abe1440530 nmethod 5021 0x000001abd2429c10 code [0x000001abd2429dc0, 0x000001abd242a018]
Event: 66.867 Thread 0x000001abe1440530 5023       4       java.lang.Class::privateGetDeclaredMethods (64 bytes)
Event: 66.893 Thread 0x000001abe1440e30 5025       3       org.aspectj.apache.bcel.classfile.Unknown::<init> (32 bytes)
Event: 66.894 Thread 0x000001abe1440e30 nmethod 5025 0x000001abcb3aef10 code [0x000001abcb3af0e0, 0x000001abcb3af438]
Event: 66.899 Thread 0x000001abe1440e30 5026       3       org.aspectj.apache.bcel.classfile.annotation.RuntimeAnnos::<init> (32 bytes)
Event: 66.899 Thread 0x000001abe1440e30 nmethod 5026 0x000001abcb3ae690 code [0x000001abcb3ae860, 0x000001abcb3aed38]
Event: 66.900 Thread 0x000001abe1440530 nmethod 5023 0x000001abd23e6590 code [0x000001abd23e6780, 0x000001abd23e7398]
Event: 66.900 Thread 0x000001abe1440530 5024       4       java.io.DataInputStream::readInt (72 bytes)
Event: 66.913 Thread 0x000001abe1440530 nmethod 5024 0x000001abd23e4e90 code [0x000001abd23e5080, 0x000001abd23e6050]
Event: 66.913 Thread 0x000001abe1440530 5027   !   4       java.util.Collections$SynchronizedMap::get (25 bytes)
Event: 66.930 Thread 0x000001abe1440530 nmethod 5027 0x000001abd23e3d10 code [0x000001abd23e3ee0, 0x000001abd23e4868]
Event: 67.017 Thread 0x000001abe1440530 5028       4       org.aspectj.weaver.UnresolvedType::resolve (6 bytes)
Event: 67.018 Thread 0x000001abe1440530 nmethod 5028 0x000001abd23e3810 code [0x000001abd23e39a0, 0x000001abd23e3a68]
Event: 67.018 Thread 0x000001abe1440530 5029       4       org.aspectj.apache.bcel.classfile.Attribute::readAttribute (568 bytes)
Event: 67.027 Thread 0x000001abe1440e30 5033       3       java.util.HashMap::afterNodeRemoval (1 bytes)
Event: 67.028 Thread 0x000001abe1440e30 nmethod 5033 0x000001abcae57e10 code [0x000001abcae57fa0, 0x000001abcae580b8]
Event: 67.029 Thread 0x000001abe1440e30 5034       3       java.io.BufferedInputStream::getInIfOpen (21 bytes)
Event: 67.029 Thread 0x000001abe1440e30 nmethod 5034 0x000001abcb0b7610 code [0x000001abcb0b77c0, 0x000001abcb0b79c8]
Event: 67.030 Thread 0x000001abe1440e30 5035       3       org.aspectj.apache.bcel.classfile.annotation.RuntimeVisAnnos::<init> (11 bytes)
Event: 67.030 Thread 0x000001abe1440e30 nmethod 5035 0x000001abcb3ae290 code [0x000001abcb3ae420, 0x000001abcb3ae588]

GC Heap History (20 events):
Event: 16.279 GC heap after
{Heap after GC invocations=4 (full 0):
 garbage-first heap   total 131072K, used 12911K [0x0000000081c00000, 0x0000000100000000)
  region size 1024K, 4 young (4096K), 4 survivors (4096K)
 Metaspace       used 21352K, committed 21504K, reserved 1073152K
  class space    used 2216K, committed 2304K, reserved 1048576K
}
Event: 24.274 GC heap before
{Heap before GC invocations=5 (full 0):
 garbage-first heap   total 55296K, used 41583K [0x0000000081c00000, 0x0000000100000000)
  region size 1024K, 32 young (32768K), 4 survivors (4096K)
 Metaspace       used 27401K, committed 27648K, reserved 1081344K
  class space    used 3087K, committed 3200K, reserved 1048576K
}
Event: 24.289 GC heap after
{Heap after GC invocations=6 (full 0):
 garbage-first heap   total 55296K, used 14322K [0x0000000081c00000, 0x0000000100000000)
  region size 1024K, 4 young (4096K), 4 survivors (4096K)
 Metaspace       used 27401K, committed 27648K, reserved 1081344K
  class space    used 3087K, committed 3200K, reserved 1048576K
}
Event: 34.373 GC heap before
{Heap before GC invocations=6 (full 0):
 garbage-first heap   total 55296K, used 35826K [0x0000000081c00000, 0x0000000100000000)
  region size 1024K, 25 young (25600K), 4 survivors (4096K)
 Metaspace       used 30863K, committed 31168K, reserved 1081344K
  class space    used 3570K, committed 3712K, reserved 1048576K
}
Event: 34.384 GC heap after
{Heap after GC invocations=7 (full 0):
 garbage-first heap   total 55296K, used 16287K [0x0000000081c00000, 0x0000000100000000)
  region size 1024K, 4 young (4096K), 4 survivors (4096K)
 Metaspace       used 30863K, committed 31168K, reserved 1081344K
  class space    used 3570K, committed 3712K, reserved 1048576K
}
Event: 40.882 GC heap before
{Heap before GC invocations=7 (full 0):
 garbage-first heap   total 55296K, used 37791K [0x0000000081c00000, 0x0000000100000000)
  region size 1024K, 25 young (25600K), 4 survivors (4096K)
 Metaspace       used 32454K, committed 32768K, reserved 1081344K
  class space    used 3752K, committed 3904K, reserved 1048576K
}
Event: 40.891 GC heap after
{Heap after GC invocations=8 (full 0):
 garbage-first heap   total 55296K, used 18428K [0x0000000081c00000, 0x0000000100000000)
  region size 1024K, 4 young (4096K), 4 survivors (4096K)
 Metaspace       used 32454K, committed 32768K, reserved 1081344K
  class space    used 3752K, committed 3904K, reserved 1048576K
}
Event: 45.215 GC heap before
{Heap before GC invocations=8 (full 0):
 garbage-first heap   total 55296K, used 38908K [0x0000000081c00000, 0x0000000100000000)
  region size 1024K, 24 young (24576K), 4 survivors (4096K)
 Metaspace       used 33577K, committed 33856K, reserved 1081344K
  class space    used 3903K, committed 4032K, reserved 1048576K
}
Event: 45.222 GC heap after
{Heap after GC invocations=9 (full 0):
 garbage-first heap   total 55296K, used 19164K [0x0000000081c00000, 0x0000000100000000)
  region size 1024K, 2 young (2048K), 2 survivors (2048K)
 Metaspace       used 33577K, committed 33856K, reserved 1081344K
  class space    used 3903K, committed 4032K, reserved 1048576K
}
Event: 50.425 GC heap before
{Heap before GC invocations=9 (full 0):
 garbage-first heap   total 55296K, used 39644K [0x0000000081c00000, 0x0000000100000000)
  region size 1024K, 22 young (22528K), 2 survivors (2048K)
 Metaspace       used 35543K, committed 35840K, reserved 1081344K
  class space    used 4209K, committed 4352K, reserved 1048576K
}
Event: 50.430 GC heap after
{Heap after GC invocations=10 (full 0):
 garbage-first heap   total 55296K, used 20306K [0x0000000081c00000, 0x0000000100000000)
  region size 1024K, 3 young (3072K), 3 survivors (3072K)
 Metaspace       used 35543K, committed 35840K, reserved 1081344K
  class space    used 4209K, committed 4352K, reserved 1048576K
}
Event: 51.031 GC heap before
{Heap before GC invocations=10 (full 0):
 garbage-first heap   total 55296K, used 21330K [0x0000000081c00000, 0x0000000100000000)
  region size 1024K, 5 young (5120K), 3 survivors (3072K)
 Metaspace       used 35875K, committed 36160K, reserved 1081344K
  class space    used 4253K, committed 4416K, reserved 1048576K
}
Event: 51.037 GC heap after
{Heap after GC invocations=11 (full 0):
 garbage-first heap   total 55296K, used 20444K [0x0000000081c00000, 0x0000000100000000)
  region size 1024K, 2 young (2048K), 2 survivors (2048K)
 Metaspace       used 35875K, committed 36160K, reserved 1081344K
  class space    used 4253K, committed 4416K, reserved 1048576K
}
Event: 55.502 GC heap before
{Heap before GC invocations=12 (full 0):
 garbage-first heap   total 55296K, used 40924K [0x0000000081c00000, 0x0000000100000000)
  region size 1024K, 22 young (22528K), 2 survivors (2048K)
 Metaspace       used 38429K, committed 38720K, reserved 1089536K
  class space    used 4727K, committed 4864K, reserved 1048576K
}
Event: 55.507 GC heap after
{Heap after GC invocations=13 (full 0):
 garbage-first heap   total 55296K, used 21509K [0x0000000081c00000, 0x0000000100000000)
  region size 1024K, 3 young (3072K), 3 survivors (3072K)
 Metaspace       used 38429K, committed 38720K, reserved 1089536K
  class space    used 4727K, committed 4864K, reserved 1048576K
}
Event: 58.420 GC heap before
{Heap before GC invocations=13 (full 0):
 garbage-first heap   total 55296K, used 41989K [0x0000000081c00000, 0x0000000100000000)
  region size 1024K, 23 young (23552K), 3 survivors (3072K)
 Metaspace       used 40825K, committed 41216K, reserved 1089536K
  class space    used 5010K, committed 5184K, reserved 1048576K
}
Event: 58.429 GC heap after
{Heap after GC invocations=14 (full 0):
 garbage-first heap   total 55296K, used 22944K [0x0000000081c00000, 0x0000000100000000)
  region size 1024K, 3 young (3072K), 3 survivors (3072K)
 Metaspace       used 40825K, committed 41216K, reserved 1089536K
  class space    used 5010K, committed 5184K, reserved 1048576K
}
Event: 61.991 GC heap before
{Heap before GC invocations=14 (full 0):
 garbage-first heap   total 55296K, used 42400K [0x0000000081c00000, 0x0000000100000000)
  region size 1024K, 22 young (22528K), 3 survivors (3072K)
 Metaspace       used 44586K, committed 44928K, reserved 1089536K
  class space    used 5490K, committed 5632K, reserved 1048576K
}
Event: 61.999 GC heap after
{Heap after GC invocations=15 (full 0):
 garbage-first heap   total 55296K, used 24392K [0x0000000081c00000, 0x0000000100000000)
  region size 1024K, 3 young (3072K), 3 survivors (3072K)
 Metaspace       used 44586K, committed 44928K, reserved 1089536K
  class space    used 5490K, committed 5632K, reserved 1048576K
}
Event: 67.036 GC heap before
{Heap before GC invocations=15 (full 0):
 garbage-first heap   total 55296K, used 42824K [0x0000000081c00000, 0x0000000100000000)
  region size 1024K, 21 young (21504K), 3 survivors (3072K)
 Metaspace       used 45648K, committed 46016K, reserved 1089536K
  class space    used 5666K, committed 5824K, reserved 1048576K
}

Deoptimization events (20 events):
Event: 65.574 Thread 0x000001abe24d6920 DEOPT PACKING pc=0x000001abcb0a0d1b sp=0x0000004a4e9fbfb0
Event: 65.574 Thread 0x000001abe24d6920 DEOPT UNPACKING pc=0x000001abca902b43 sp=0x0000004a4e9fb420 mode 0
Event: 65.756 Thread 0x000001abe24d6920 DEOPT PACKING pc=0x000001abcb6e0f1e sp=0x0000004a4e9fb610
Event: 65.756 Thread 0x000001abe24d6920 DEOPT UNPACKING pc=0x000001abca902b43 sp=0x0000004a4e9fabb0 mode 0
Event: 66.020 Thread 0x000001abe24d6920 Uncommon trap: trap_request=0xffffff45 fr.pc=0x000001abd240db64 relative=0x0000000000000624
Event: 66.020 Thread 0x000001abe24d6920 Uncommon trap: reason=unstable_if action=reinterpret pc=0x000001abd240db64 method=java.lang.PublicMethods$MethodList.filter([Ljava/lang/reflect/Method;Ljava/lang/String;[Ljava/lang/Class;Z)Ljava/lang/PublicMethods$MethodList; @ 58 c2
Event: 66.020 Thread 0x000001abe24d6920 DEOPT PACKING pc=0x000001abd240db64 sp=0x0000004a4e9fb6c0
Event: 66.020 Thread 0x000001abe24d6920 DEOPT UNPACKING pc=0x000001abca9023a3 sp=0x0000004a4e9fb660 mode 2
Event: 66.134 Thread 0x000001abe24d6920 Uncommon trap: trap_request=0xffffffc6 fr.pc=0x000001abd23be1ec relative=0x000000000000142c
Event: 66.159 Thread 0x000001abe24d6920 Uncommon trap: reason=bimorphic_or_optimized_type_check action=maybe_recompile pc=0x000001abd23be1ec method=java.util.concurrent.ConcurrentHashMap.putVal(Ljava/lang/Object;Ljava/lang/Object;Z)Ljava/lang/Object; @ 242 c2
Event: 66.164 Thread 0x000001abe24d6920 DEOPT PACKING pc=0x000001abd23be1ec sp=0x0000004a4e9fb780
Event: 66.176 Thread 0x000001abe24d6920 DEOPT UNPACKING pc=0x000001abca9023a3 sp=0x0000004a4e9fb6f0 mode 2
Event: 66.177 Thread 0x000001abe24d6920 Uncommon trap: trap_request=0xffffffc6 fr.pc=0x000001abd23be1ec relative=0x000000000000142c
Event: 66.177 Thread 0x000001abe24d6920 Uncommon trap: reason=bimorphic_or_optimized_type_check action=maybe_recompile pc=0x000001abd23be1ec method=java.util.concurrent.ConcurrentHashMap.putVal(Ljava/lang/Object;Ljava/lang/Object;Z)Ljava/lang/Object; @ 242 c2
Event: 66.177 Thread 0x000001abe24d6920 DEOPT PACKING pc=0x000001abd23be1ec sp=0x0000004a4e9fb780
Event: 66.177 Thread 0x000001abe24d6920 DEOPT UNPACKING pc=0x000001abca9023a3 sp=0x0000004a4e9fb6f0 mode 2
Event: 66.530 Thread 0x000001abe24d6920 Uncommon trap: trap_request=0xffffff45 fr.pc=0x000001abd26dc940 relative=0x000000000000b2c0
Event: 66.530 Thread 0x000001abe24d6920 Uncommon trap: reason=unstable_if action=reinterpret pc=0x000001abd26dc940 method=org.aspectj.apache.bcel.classfile.Attribute.readAttribute(Ljava/io/DataInputStream;Lorg/aspectj/apache/bcel/classfile/ConstantPool;)Lorg/aspectj/apache/bcel/classfile/Attrib
Event: 66.530 Thread 0x000001abe24d6920 DEOPT PACKING pc=0x000001abd26dc940 sp=0x0000004a4e9fb130
Event: 66.530 Thread 0x000001abe24d6920 DEOPT UNPACKING pc=0x000001abca9023a3 sp=0x0000004a4e9fb138 mode 2

Classes unloaded (0 events):
No events

Classes redefined (0 events):
No events

Internal exceptions (20 events):
Event: 60.755 Thread 0x000001abe24d6920 Exception <a 'java/lang/ArrayIndexOutOfBoundsException'{0x00000000845887d0}: Index 4 out of bounds for length 4> (0x00000000845887d0) 
thrown [s\src\hotspot\share\interpreter\interpreterRuntime.cpp, line 428]
Event: 60.755 Thread 0x000001abe24d6920 Exception <a 'java/lang/ArrayIndexOutOfBoundsException'{0x0000000084588d98}: Index 4 out of bounds for length 4> (0x0000000084588d98) 
thrown [s\src\hotspot\share\interpreter\interpreterRuntime.cpp, line 428]
Event: 60.757 Thread 0x000001abe24d6920 Exception <a 'java/lang/ArrayIndexOutOfBoundsException'{0x00000000845938c8}: Index 11 out of bounds for length 11> (0x00000000845938c8) 
thrown [s\src\hotspot\share\interpreter\interpreterRuntime.cpp, line 428]
Event: 60.757 Thread 0x000001abe24d6920 Exception <a 'java/lang/ArrayIndexOutOfBoundsException'{0x0000000084594138}: Index 11 out of bounds for length 11> (0x0000000084594138) 
thrown [s\src\hotspot\share\interpreter\interpreterRuntime.cpp, line 428]
Event: 60.767 Thread 0x000001abe24d6920 Exception <a 'java/lang/ArrayIndexOutOfBoundsException'{0x00000000845d3a08}: Index 4 out of bounds for length 4> (0x00000000845d3a08) 
thrown [s\src\hotspot\share\interpreter\interpreterRuntime.cpp, line 428]
Event: 60.767 Thread 0x000001abe24d6920 Exception <a 'java/lang/ArrayIndexOutOfBoundsException'{0x00000000845d3fd0}: Index 4 out of bounds for length 4> (0x00000000845d3fd0) 
thrown [s\src\hotspot\share\interpreter\interpreterRuntime.cpp, line 428]
Event: 60.769 Thread 0x000001abe24d6920 Exception <a 'java/lang/ArrayIndexOutOfBoundsException'{0x00000000845dfc60}: Index 11 out of bounds for length 11> (0x00000000845dfc60) 
thrown [s\src\hotspot\share\interpreter\interpreterRuntime.cpp, line 428]
Event: 60.769 Thread 0x000001abe24d6920 Exception <a 'java/lang/ArrayIndexOutOfBoundsException'{0x00000000845e04d0}: Index 11 out of bounds for length 11> (0x00000000845e04d0) 
thrown [s\src\hotspot\share\interpreter\interpreterRuntime.cpp, line 428]
Event: 61.460 Thread 0x000001abe24d6920 Exception <a 'java/lang/NoSuchMethodError'{0x00000000841cad50}: 'java.lang.Object java.lang.invoke.DirectMethodHandle$Holder.invokeSpecialIFC(java.lang.Object, java.lang.Object, java.lang.Object)'> (0x00000000841cad50) 
thrown [s\src\hotspot\share\interpreter\linkResolver.cpp, line 759]
Event: 63.060 Thread 0x000001abe24d6920 Implicit null exception at 0x000001abd26b5413 to 0x000001abd26bcbb4
Event: 63.067 Thread 0x000001abe24d6920 Exception <a 'java/lang/NoSuchMethodError'{0x0000000087f87548}: 'void java.lang.invoke.DirectMethodHandle$Holder.invokeStatic(java.lang.Object, java.lang.Object, int)'> (0x0000000087f87548) 
thrown [s\src\hotspot\share\interpreter\linkResolver.cpp, line 759]
Event: 65.321 Thread 0x000001abe24d6920 Exception <a 'java/lang/NoSuchMethodError'{0x0000000084744f48}: 'void java.lang.invoke.DirectMethodHandle$Holder.invokeInterface(java.lang.Object, java.lang.Object, int)'> (0x0000000084744f48) 
thrown [s\src\hotspot\share\interpreter\linkResolver.cpp, line 759]
Event: 65.335 Thread 0x000001abe24d6920 Exception <a 'java/lang/IncompatibleClassChangeError'{0x0000000084794ac0}: Found class java.lang.Object, but interface was expected> (0x0000000084794ac0) 
thrown [s\src\hotspot\share\interpreter\linkResolver.cpp, line 826]
Event: 65.339 Thread 0x000001abe24d6920 Exception <a 'java/lang/NoSuchMethodError'{0x00000000847a5588}: 'int java.lang.invoke.DirectMethodHandle$Holder.invokeSpecialIFC(java.lang.Object, java.lang.Object, java.lang.Object)'> (0x00000000847a5588) 
thrown [s\src\hotspot\share\interpreter\linkResolver.cpp, line 759]
Event: 65.343 Thread 0x000001abe24d6920 Exception <a 'java/lang/NoSuchMethodError'{0x00000000847b3148}: 'void java.lang.invoke.DirectMethodHandle$Holder.invokeStatic(java.lang.Object, int, java.lang.Object)'> (0x00000000847b3148) 
thrown [s\src\hotspot\share\interpreter\linkResolver.cpp, line 759]
Event: 65.404 Thread 0x000001abe24d6920 Exception <a 'java/lang/NoSuchMethodError'{0x00000000847ef058}: 'void java.lang.invoke.DirectMethodHandle$Holder.invokeVirtual(java.lang.Object, java.lang.Object, int)'> (0x00000000847ef058) 
thrown [s\src\hotspot\share\interpreter\linkResolver.cpp, line 759]
Event: 65.458 Thread 0x000001abe24d6920 Exception <a 'java/lang/NoSuchMethodError'{0x00000000847f5250}: 'void java.lang.invoke.DirectMethodHandle$Holder.invokeStatic(java.lang.Object, java.lang.Object, java.lang.Object, int, java.lang.Object)'> (0x00000000847f5250) 
thrown [s\src\hotspot\share\interpreter\linkResolver.cpp, line 759]
Event: 65.459 Thread 0x000001abe24d6920 Exception <a 'java/lang/NoSuchMethodError'{0x00000000847fc758}: 'java.lang.Object java.lang.invoke.DirectMethodHandle$Holder.newInvokeSpecial(java.lang.Object, java.lang.Object, java.lang.Object, int)'> (0x00000000847fc758) 
thrown [s\src\hotspot\share\interpreter\linkResolver.cpp, line 759]
Event: 65.460 Thread 0x000001abe24d6920 Exception <a 'java/lang/NoSuchMethodError'{0x0000000084601178}: 'java.lang.Object java.lang.invoke.DirectMethodHandle$Holder.invokeSpecial(java.lang.Object, java.lang.Object, java.lang.Object, java.lang.Object, int)'> (0x0000000084601178) 
thrown [s\src\hotspot\share\interpreter\linkResolver.cpp, line 759]
Event: 65.460 Thread 0x000001abe24d6920 Exception <a 'java/lang/NoSuchMethodError'{0x0000000084604d40}: 'java.lang.Object java.lang.invoke.Invokers$Holder.linkToTargetMethod(java.lang.Object, java.lang.Object, int, java.lang.Object)'> (0x0000000084604d40) 
thrown [s\src\hotspot\share\interpreter\linkResolver.cpp, line 759]

VM Operations (20 events):
Event: 60.266 Executing VM operation: HandshakeAllThreads done
Event: 60.266 Executing VM operation: Cleanup
Event: 60.267 Executing VM operation: Cleanup done
Event: 61.029 Executing VM operation: HandshakeAllThreads
Event: 61.029 Executing VM operation: HandshakeAllThreads done
Event: 61.154 Executing VM operation: HandshakeAllThreads
Event: 61.154 Executing VM operation: HandshakeAllThreads done
Event: 61.991 Executing VM operation: G1CollectForAllocation
Event: 61.999 Executing VM operation: G1CollectForAllocation done
Event: 62.824 Executing VM operation: HandshakeAllThreads
Event: 62.824 Executing VM operation: HandshakeAllThreads done
Event: 63.829 Executing VM operation: Cleanup
Event: 63.857 Executing VM operation: Cleanup done
Event: 64.862 Executing VM operation: Cleanup
Event: 64.862 Executing VM operation: Cleanup done
Event: 65.865 Executing VM operation: Cleanup
Event: 65.994 Executing VM operation: Cleanup done
Event: 67.000 Executing VM operation: Cleanup
Event: 67.016 Executing VM operation: Cleanup done
Event: 67.036 Executing VM operation: G1CollectForAllocation

Events (20 events):
Event: 63.066 loading class java/util/stream/IntPipeline$4 done
Event: 63.068 loading class java/util/stream/ForEachOps$ForEachOp$OfInt
Event: 63.069 loading class java/util/stream/ForEachOps$ForEachOp$OfInt done
Event: 63.069 loading class java/util/stream/IntPipeline$4$1
Event: 63.069 loading class java/util/stream/IntPipeline$4$1 done
Event: 64.797 loading class java/util/function/ObjIntConsumer
Event: 64.797 loading class java/util/function/ObjIntConsumer done
Event: 65.352 loading class javax/management/MBeanRegistrationException
Event: 65.352 loading class javax/management/MBeanException
Event: 65.352 loading class javax/management/JMException
Event: 65.352 loading class javax/management/JMException done
Event: 65.352 loading class javax/management/MBeanException done
Event: 65.352 loading class javax/management/MBeanRegistrationException done
Event: 65.352 loading class javax/management/InstanceNotFoundException
Event: 65.352 loading class javax/management/OperationsException
Event: 65.352 loading class javax/management/OperationsException done
Event: 65.352 loading class javax/management/InstanceNotFoundException done
Event: 65.469 Thread 0x000001abe2072420 Thread exited: 0x000001abe2072420
Event: 66.027 Thread 0x000001abe2072420 Thread added: 0x000001abe2072420
Event: 66.808 Thread 0x000001abe2072420 Thread exited: 0x000001abe2072420


Dynamic libraries:
0x00007ff6572b0000 - 0x00007ff6572be000 	C:\Users\macie\.p2\pool\plugins\org.eclipse.justj.openjdk.hotspot.jre.full.win32.x86_64_17.0.4.v20220903-1038\jre\bin\javaw.exe
0x00007ffef9a70000 - 0x00007ffef9c68000 	C:\WINDOWS\SYSTEM32\ntdll.dll
0x00007ffef7cc0000 - 0x00007ffef7d7d000 	C:\WINDOWS\System32\KERNEL32.DLL
0x00007ffef76b0000 - 0x00007ffef79a6000 	C:\WINDOWS\System32\KERNELBASE.dll
0x00007ffef7520000 - 0x00007ffef7620000 	C:\WINDOWS\System32\ucrtbase.dll
0x00007ffeeebd0000 - 0x00007ffeeebe8000 	C:\Users\macie\.p2\pool\plugins\org.eclipse.justj.openjdk.hotspot.jre.full.win32.x86_64_17.0.4.v20220903-1038\jre\bin\jli.dll
0x00007ffef8f60000 - 0x00007ffef90fe000 	C:\WINDOWS\System32\USER32.dll
0x00007ffef7350000 - 0x00007ffef7372000 	C:\WINDOWS\System32\win32u.dll
0x00007ffef7c10000 - 0x00007ffef7c3c000 	C:\WINDOWS\System32\GDI32.dll
0x00007ffef79b0000 - 0x00007ffef7aca000 	C:\WINDOWS\System32\gdi32full.dll
0x00007ffef72b0000 - 0x00007ffef734d000 	C:\WINDOWS\System32\msvcp_win.dll
0x00007ffef15f0000 - 0x00007ffef1609000 	C:\Users\macie\.p2\pool\plugins\org.eclipse.justj.openjdk.hotspot.jre.full.win32.x86_64_17.0.4.v20220903-1038\jre\bin\VCRUNTIME140.dll
0x00007ffee6760000 - 0x00007ffee69fa000 	C:\WINDOWS\WinSxS\amd64_microsoft.windows.common-controls_6595b64144ccf1df_6.0.19041.3636_none_60b6a03d71f818d5\COMCTL32.dll
0x00007ffef9120000 - 0x00007ffef91be000 	C:\WINDOWS\System32\msvcrt.dll
0x00007ffef7be0000 - 0x00007ffef7c10000 	C:\WINDOWS\System32\IMM32.DLL
0x00007ffef2490000 - 0x00007ffef249c000 	C:\Users\macie\.p2\pool\plugins\org.eclipse.justj.openjdk.hotspot.jre.full.win32.x86_64_17.0.4.v20220903-1038\jre\bin\vcruntime140_1.dll
0x00007ffecff10000 - 0x00007ffecffa1000 	C:\Users\macie\.p2\pool\plugins\org.eclipse.justj.openjdk.hotspot.jre.full.win32.x86_64_17.0.4.v20220903-1038\jre\bin\msvcp140.dll
0x00007ffeacd20000 - 0x00007ffead966000 	C:\Users\macie\.p2\pool\plugins\org.eclipse.justj.openjdk.hotspot.jre.full.win32.x86_64_17.0.4.v20220903-1038\jre\bin\server\jvm.dll
0x00007ffef8bd0000 - 0x00007ffef8c7f000 	C:\WINDOWS\System32\ADVAPI32.dll
0x00007ffef7b30000 - 0x00007ffef7bcc000 	C:\WINDOWS\System32\sechost.dll
0x00007ffef9900000 - 0x00007ffef9a26000 	C:\WINDOWS\System32\RPCRT4.dll
0x00007ffef7bd0000 - 0x00007ffef7bd8000 	C:\WINDOWS\System32\PSAPI.DLL
0x00007ffee6d00000 - 0x00007ffee6d09000 	C:\WINDOWS\SYSTEM32\WSOCK32.dll
0x00007ffef7f00000 - 0x00007ffef7f6b000 	C:\WINDOWS\System32\WS2_32.dll
0x00007ffeee720000 - 0x00007ffeee747000 	C:\WINDOWS\SYSTEM32\WINMM.dll
0x00007ffeec1d0000 - 0x00007ffeec1da000 	C:\WINDOWS\SYSTEM32\VERSION.dll
0x00007ffef5bd0000 - 0x00007ffef5be2000 	C:\WINDOWS\SYSTEM32\kernel.appcore.dll
0x00007ffeef820000 - 0x00007ffeef82a000 	C:\Users\macie\.p2\pool\plugins\org.eclipse.justj.openjdk.hotspot.jre.full.win32.x86_64_17.0.4.v20220903-1038\jre\bin\jimage.dll
0x00007ffef5670000 - 0x00007ffef5854000 	C:\WINDOWS\SYSTEM32\DBGHELP.DLL
0x00007ffeefca0000 - 0x00007ffeefcd4000 	C:\WINDOWS\SYSTEM32\dbgcore.DLL
0x00007ffef7620000 - 0x00007ffef76a2000 	C:\WINDOWS\System32\bcryptPrimitives.dll
0x00007ffee7f50000 - 0x00007ffee7f75000 	C:\Users\macie\.p2\pool\plugins\org.eclipse.justj.openjdk.hotspot.jre.full.win32.x86_64_17.0.4.v20220903-1038\jre\bin\java.dll
0x00007ffee7c40000 - 0x00007ffee7c58000 	C:\Users\macie\.p2\pool\plugins\org.eclipse.justj.openjdk.hotspot.jre.full.win32.x86_64_17.0.4.v20220903-1038\jre\bin\zip.dll
0x00007ffef8120000 - 0x00007ffef8864000 	C:\WINDOWS\System32\SHELL32.dll
0x00007ffef4ed0000 - 0x00007ffef566b000 	C:\WINDOWS\SYSTEM32\windows.storage.dll
0x00007ffef8870000 - 0x00007ffef8bc4000 	C:\WINDOWS\System32\combase.dll
0x00007ffef69e0000 - 0x00007ffef6a0d000 	C:\WINDOWS\SYSTEM32\Wldp.dll
0x00007ffef8e20000 - 0x00007ffef8ecd000 	C:\WINDOWS\System32\SHCORE.dll
0x00007ffef7ad0000 - 0x00007ffef7b25000 	C:\WINDOWS\System32\shlwapi.dll
0x00007ffef7080000 - 0x00007ffef70a5000 	C:\WINDOWS\SYSTEM32\profapi.dll
0x00007ffee7b90000 - 0x00007ffee7ba9000 	C:\Users\macie\.p2\pool\plugins\org.eclipse.justj.openjdk.hotspot.jre.full.win32.x86_64_17.0.4.v20220903-1038\jre\bin\net.dll
0x00007ffef02e0000 - 0x00007ffef03ea000 	C:\WINDOWS\SYSTEM32\WINHTTP.dll
0x00007ffef67c0000 - 0x00007ffef682a000 	C:\WINDOWS\system32\mswsock.dll
0x00007ffee6e20000 - 0x00007ffee6e35000 	C:\Users\macie\.p2\pool\plugins\org.eclipse.justj.openjdk.hotspot.jre.full.win32.x86_64_17.0.4.v20220903-1038\jre\bin\nio.dll
0x00007ffeeee80000 - 0x00007ffeeee89000 	C:\Users\macie\.p2\pool\plugins\org.eclipse.justj.openjdk.hotspot.jre.full.win32.x86_64_17.0.4.v20220903-1038\jre\bin\management.dll
0x00007ffeee840000 - 0x00007ffeee84b000 	C:\Users\macie\.p2\pool\plugins\org.eclipse.justj.openjdk.hotspot.jre.full.win32.x86_64_17.0.4.v20220903-1038\jre\bin\management_ext.dll
0x00007ffef64d0000 - 0x00007ffef650b000 	C:\WINDOWS\SYSTEM32\IPHLPAPI.DLL
0x00007ffef9270000 - 0x00007ffef9278000 	C:\WINDOWS\System32\NSI.dll
0x00007ffef0f30000 - 0x00007ffef0f47000 	C:\WINDOWS\SYSTEM32\dhcpcsvc6.DLL
0x00007ffef0eb0000 - 0x00007ffef0ecd000 	C:\WINDOWS\SYSTEM32\dhcpcsvc.DLL
0x00007ffef6510000 - 0x00007ffef65da000 	C:\WINDOWS\SYSTEM32\DNSAPI.dll
0x00007ffeeee40000 - 0x00007ffeeee4a000 	C:\Windows\System32\rasadhlp.dll
0x00007ffeef300000 - 0x00007ffeef380000 	C:\WINDOWS\System32\fwpuclnt.dll
0x00007ffef7380000 - 0x00007ffef73a7000 	C:\WINDOWS\System32\bcrypt.dll
0x00007ffee9c60000 - 0x00007ffee9c70000 	C:\Users\macie\.p2\pool\plugins\org.eclipse.justj.openjdk.hotspot.jre.full.win32.x86_64_17.0.4.v20220903-1038\jre\bin\verify.dll

dbghelp: loaded successfully - version: 4.0.5 - missing functions: none
symbol engine: initialized successfully - sym options: 0x614 - pdb path: .;C:\Users\macie\.p2\pool\plugins\org.eclipse.justj.openjdk.hotspot.jre.full.win32.x86_64_17.0.4.v20220903-1038\jre\bin;C:\WINDOWS\SYSTEM32;C:\WINDOWS\WinSxS\amd64_microsoft.windows.common-controls_6595b64144ccf1df_6.0.19041.3636_none_60b6a03d71f818d5;C:\Users\macie\.p2\pool\plugins\org.eclipse.justj.openjdk.hotspot.jre.full.win32.x86_64_17.0.4.v20220903-1038\jre\bin\server

VM Arguments:
jvm_args: -Dfile.encoding=UTF-8 -Dstdout.encoding=UTF-8 -Dstderr.encoding=UTF-8 -XX:+ShowCodeDetailsInExceptionMessages 
java_command: com.mac2work.orders.OrdersApplication
java_class_path (initial): C:\Users\macie\java-spring\yacht-charter-api\orders\target\classes;C:\Users\macie\.m2\repository\org\springframework\boot\spring-boot-starter-actuator\3.1.4\spring-boot-starter-actuator-3.1.4.jar;C:\Users\macie\.m2\repository\org\springframework\boot\spring-boot-starter\3.1.4\spring-boot-starter-3.1.4.jar;C:\Users\macie\.m2\repository\org\springframework\boot\spring-boot-starter-logging\3.1.4\spring-boot-starter-logging-3.1.4.jar;C:\Users\macie\.m2\repository\ch\qos\logback\logback-classic\1.4.11\logback-classic-1.4.11.jar;C:\Users\macie\.m2\repository\ch\qos\logback\logback-core\1.4.11\logback-core-1.4.11.jar;C:\Users\macie\.m2\repository\org\apache\logging\log4j\log4j-to-slf4j\2.20.0\log4j-to-slf4j-2.20.0.jar;C:\Users\macie\.m2\repository\org\apache\logging\log4j\log4j-api\2.20.0\log4j-api-2.20.0.jar;C:\Users\macie\.m2\repository\org\slf4j\jul-to-slf4j\2.0.9\jul-to-slf4j-2.0.9.jar;C:\Users\macie\.m2\repository\jakarta\annotation\jakarta.annotation-api\2.1.1\jakarta.annotation-api-2.1.1.jar;C:\Users\macie\.m2\repository\org\yaml\snakeyaml\1.33\snakeyaml-1.33.jar;C:\Users\macie\.m2\repository\org\springframework\boot\spring-boot-actuator-autoconfigure\3.1.4\spring-boot-actuator-autoconfigure-3.1.4.jar;C:\Users\macie\.m2\repository\org\springframework\boot\spring-boot-actuator\3.1.4\spring-boot-actuator-3.1.4.jar;C:\Users\macie\.m2\repository\com\fasterxml\jackson\datatype\jackson-datatype-jsr310\2.15.2\jackson-datatype-jsr310-2.15.2.jar;C:\Users\macie\.m2\repository\io\micrometer\micrometer-observation\1.11.4\micrometer-observation-1.11.4.jar;C:\Users\macie\.m2\repository\io\micrometer\micrometer-commons\1.11.4\micrometer-commons-1.11.4.jar;C:\Users\macie\.m2\repository\io\micrometer\micrometer-core\1.11.4\micrometer-core-1.11.4.jar;C:\Users\macie\.m2\repository\org\hdrhistogram\HdrHistogram\2.1.12\HdrHistogram-2.1.12.jar;C:\Users\macie\.m2\repository\org\latencyutils\LatencyUtils\2.0.3\LatencyUtils-2.0.3.jar;C:\Users\macie\.m2\repositor
Launcher Type: SUN_STANDARD

[Global flags]
     intx CICompilerCount                          = 3                                         {product} {ergonomic}
     uint ConcGCThreads                            = 1                                         {product} {ergonomic}
     uint G1ConcRefinementThreads                  = 4                                         {product} {ergonomic}
   size_t G1HeapRegionSize                         = 1048576                                   {product} {ergonomic}
    uintx GCDrainStackTargetSize                   = 64                                        {product} {ergonomic}
   size_t InitialHeapSize                          = 134217728                                 {product} {ergonomic}
   size_t MarkStackSize                            = 4194304                                   {product} {ergonomic}
   size_t MaxHeapSize                              = 2118123520                                {product} {ergonomic}
   size_t MaxNewSize                               = 1270874112                                {product} {ergonomic}
   size_t MinHeapDeltaBytes                        = 1048576                                   {product} {ergonomic}
   size_t MinHeapSize                              = 8388608                                   {product} {ergonomic}
    uintx NonNMethodCodeHeapSize                   = 5832780                                {pd product} {ergonomic}
    uintx NonProfiledCodeHeapSize                  = 122912730                              {pd product} {ergonomic}
    uintx ProfiledCodeHeapSize                     = 122912730                              {pd product} {ergonomic}
    uintx ReservedCodeCacheSize                    = 251658240                              {pd product} {ergonomic}
     bool SegmentedCodeCache                       = true                                      {product} {ergonomic}
     bool ShowCodeDetailsInExceptionMessages       = true                                   {manageable} {command line}
   size_t SoftMaxHeapSize                          = 2118123520                             {manageable} {ergonomic}
     bool UseCompressedClassPointers               = true                           {product lp64_product} {ergonomic}
     bool UseCompressedOops                        = true                           {product lp64_product} {ergonomic}
     bool UseG1GC                                  = true                                      {product} {ergonomic}
     bool UseLargePagesIndividualAllocation        = false                                  {pd product} {ergonomic}

Logging:
Log output configuration:
 #0: stdout all=warning uptime,level,tags
 #1: stderr all=off uptime,level,tags

Environment Variables:
JAVA_HOME=C:\Program Files\Java\jdk-17
CLASSPATH=.
PATH=C:\Program Files\Common Files\Oracle\Java\javapath;C:\Program Files\Java\jdk1.8.0_202\bin;C:\ProgramData\Oracle\Java\javapath;C:\Program Files (x86)\Common Files\Oracle\Java\javapath;C:\WINDOWS\system32;C:\WINDOWS;C:\WINDOWS\System32\Wbem;C:\WINDOWS\System32\WindowsPowerShell\v1.0\;C:\WINDOWS\System32\OpenSSH\;C:\bin;C:\Program Files\dotnet\;C:\Program Files\Git\cmd;C:\WINDOWS\system32;C:\WINDOWS;C:\WINDOWS\System32\Wbem;C:\WINDOWS\System32\WindowsPowerShell\v1.0\;C:\WINDOWS\System32\OpenSSH\;C:\Program Files\nodejs\;C:\Program Files\Docker\Docker\resources\bin;C:\Program Files\Java\jdk1.8.0_202\bin;C:\Users\macie\AppData\Local\Microsoft\WindowsApps;C:\xampp\php;C:\Users\macie\AppData\Local\Programs\Microsoft VS Code\bin;C:\Users\macie\.dotnet\tools;C:\Program Files\Java\jdk-17\bin;C:\Users\macie\AppData\Roaming\npm;C:\Users\macie\AppData\Local\Google\Cloud SDK\google-cloud-sdk\bin
USERNAME=macie
OS=Windows_NT
PROCESSOR_IDENTIFIER=Intel64 Family 6 Model 42 Stepping 7, GenuineIntel
TMP=C:\Users\macie\AppData\Local\Temp
TEMP=C:\Users\macie\AppData\Local\Temp



---------------  S Y S T E M  ---------------

OS:
 Windows 10 , 64 bit Build 19041 (10.0.19041.3636)
OS uptime: 4 days 22:04 hours
Hyper-V role detected

CPU: total 4 (initial active 4) (2 cores per cpu, 2 threads per core) family 6 model 42 stepping 7 microcode 0x2f, cx8, cmov, fxsr, ht, mmx, sse, sse2, sse3, ssse3, sse4.1, sse4.2, popcnt, tsc, tscinvbit, avx, aes, clmul, vzeroupper, clflush, hv

Memory: 4k page, system-wide physical 8075M (1709M free)
TotalPageFile size 14286M (AvailPageFile size 6383M)
current process WorkingSet (physical memory assigned to process): 209M, peak: 228M
current process commit charge ("private bytes"): 239M, peak: 257M

vm_info: OpenJDK 64-Bit Server VM (17.0.4.1+1) for windows-amd64 JRE (17.0.4.1+1), built on Aug 17 2022 07:42:43 by "temurin" with MS VC++ 16.7 (VS2019)

END.
